Performing C SOURCE FILE Test CMAKE_HAVE_LIBC_PTHREAD failed with the following output:
Change Dir: /home/fire/Git/DPDrawing/CMakeFiles/CMakeTmp

Run Build Command(s):/usr/bin/make cmTC_3f76a/fast && /usr/bin/make -f CMakeFiles/cmTC_3f76a.dir/build.make CMakeFiles/cmTC_3f76a.dir/build
make[1]: Entering directory '/home/fire/Git/DPDrawing/CMakeFiles/CMakeTmp'
Building C object CMakeFiles/cmTC_3f76a.dir/src.c.o
/usr/bin/cc   -DCMAKE_HAVE_LIBC_PTHREAD   -o CMakeFiles/cmTC_3f76a.dir/src.c.o   -c /home/fire/Git/DPDrawing/CMakeFiles/CMakeTmp/src.c
Linking C executable cmTC_3f76a
/usr/bin/cmake -E cmake_link_script CMakeFiles/cmTC_3f76a.dir/link.txt --verbose=1
/usr/bin/cc  -DCMAKE_HAVE_LIBC_PTHREAD    CMakeFiles/cmTC_3f76a.dir/src.c.o  -o cmTC_3f76a 
/usr/bin/ld: CMakeFiles/cmTC_3f76a.dir/src.c.o: in function `main':
src.c:(.text+0x3e): undefined reference to `pthread_create'
/usr/bin/ld: src.c:(.text+0x4a): undefined reference to `pthread_detach'
/usr/bin/ld: src.c:(.text+0x5b): undefined reference to `pthread_join'
collect2: error: ld returned 1 exit status
make[1]: *** [CMakeFiles/cmTC_3f76a.dir/build.make:87: cmTC_3f76a] Error 1
make[1]: Leaving directory '/home/fire/Git/DPDrawing/CMakeFiles/CMakeTmp'
make: *** [Makefile:121: cmTC_3f76a/fast] Error 2


Source file was:
#include <pthread.h>

void* test_func(void* data)
{
  return data;
}

int main(void)
{
  pthread_t thread;
  pthread_create(&thread, NULL, test_func, NULL);
  pthread_detach(thread);
  pthread_join(thread, NULL);
  pthread_atfork(NULL, NULL, NULL);
  pthread_exit(NULL);

  return 0;
}

Determining if the function pthread_create exists in the pthreads failed with the following output:
Change Dir: /home/fire/Git/DPDrawing/CMakeFiles/CMakeTmp

Run Build Command(s):/usr/bin/make cmTC_5d7d9/fast && /usr/bin/make -f CMakeFiles/cmTC_5d7d9.dir/build.make CMakeFiles/cmTC_5d7d9.dir/build
make[1]: Entering directory '/home/fire/Git/DPDrawing/CMakeFiles/CMakeTmp'
Building C object CMakeFiles/cmTC_5d7d9.dir/CheckFunctionExists.c.o
/usr/bin/cc   -DCHECK_FUNCTION_EXISTS=pthread_create   -o CMakeFiles/cmTC_5d7d9.dir/CheckFunctionExists.c.o   -c /usr/share/cmake-3.16/Modules/CheckFunctionExists.c
Linking C executable cmTC_5d7d9
/usr/bin/cmake -E cmake_link_script CMakeFiles/cmTC_5d7d9.dir/link.txt --verbose=1
/usr/bin/cc  -DCHECK_FUNCTION_EXISTS=pthread_create    CMakeFiles/cmTC_5d7d9.dir/CheckFunctionExists.c.o  -o cmTC_5d7d9  -lpthreads 
/usr/bin/ld: cannot find -lpthreads
collect2: error: ld returned 1 exit status
make[1]: *** [CMakeFiles/cmTC_5d7d9.dir/build.make:87: cmTC_5d7d9] Error 1
make[1]: Leaving directory '/home/fire/Git/DPDrawing/CMakeFiles/CMakeTmp'
make: *** [Makefile:121: cmTC_5d7d9/fast] Error 2



Performing C SOURCE FILE Test CMAKE_HAVE_LIBC_PTHREAD failed with the following output:
Change Dir: /home/fire/Git/DPDrawing/CMakeFiles/CMakeTmp

Run Build Command(s):/usr/bin/make cmTC_75ffc/fast && /usr/bin/make -f CMakeFiles/cmTC_75ffc.dir/build.make CMakeFiles/cmTC_75ffc.dir/build
make[1]: Entering directory '/home/fire/Git/DPDrawing/CMakeFiles/CMakeTmp'
Building C object CMakeFiles/cmTC_75ffc.dir/src.c.o
/usr/bin/cc   -DCMAKE_HAVE_LIBC_PTHREAD   -o CMakeFiles/cmTC_75ffc.dir/src.c.o   -c /home/fire/Git/DPDrawing/CMakeFiles/CMakeTmp/src.c
Linking C executable cmTC_75ffc
/usr/bin/cmake -E cmake_link_script CMakeFiles/cmTC_75ffc.dir/link.txt --verbose=1
/usr/bin/cc  -DCMAKE_HAVE_LIBC_PTHREAD    CMakeFiles/cmTC_75ffc.dir/src.c.o  -o cmTC_75ffc 
/usr/bin/ld: CMakeFiles/cmTC_75ffc.dir/src.c.o: in function `main':
src.c:(.text+0x3e): undefined reference to `pthread_create'
/usr/bin/ld: src.c:(.text+0x4a): undefined reference to `pthread_detach'
/usr/bin/ld: src.c:(.text+0x5b): undefined reference to `pthread_join'
collect2: error: ld returned 1 exit status
make[1]: *** [CMakeFiles/cmTC_75ffc.dir/build.make:87: cmTC_75ffc] Error 1
make[1]: Leaving directory '/home/fire/Git/DPDrawing/CMakeFiles/CMakeTmp'
make: *** [Makefile:121: cmTC_75ffc/fast] Error 2


Source file was:
#include <pthread.h>

void* test_func(void* data)
{
  return data;
}

int main(void)
{
  pthread_t thread;
  pthread_create(&thread, NULL, test_func, NULL);
  pthread_detach(thread);
  pthread_join(thread, NULL);
  pthread_atfork(NULL, NULL, NULL);
  pthread_exit(NULL);

  return 0;
}

Determining if the function pthread_create exists in the pthreads failed with the following output:
Change Dir: /home/fire/Git/DPDrawing/CMakeFiles/CMakeTmp

Run Build Command(s):/usr/bin/make cmTC_11f44/fast && /usr/bin/make -f CMakeFiles/cmTC_11f44.dir/build.make CMakeFiles/cmTC_11f44.dir/build
make[1]: Entering directory '/home/fire/Git/DPDrawing/CMakeFiles/CMakeTmp'
Building C object CMakeFiles/cmTC_11f44.dir/CheckFunctionExists.c.o
/usr/bin/cc   -DCHECK_FUNCTION_EXISTS=pthread_create   -o CMakeFiles/cmTC_11f44.dir/CheckFunctionExists.c.o   -c /usr/share/cmake-3.16/Modules/CheckFunctionExists.c
Linking C executable cmTC_11f44
/usr/bin/cmake -E cmake_link_script CMakeFiles/cmTC_11f44.dir/link.txt --verbose=1
/usr/bin/cc  -DCHECK_FUNCTION_EXISTS=pthread_create    CMakeFiles/cmTC_11f44.dir/CheckFunctionExists.c.o  -o cmTC_11f44  -lpthreads 
/usr/bin/ld: cannot find -lpthreads
collect2: error: ld returned 1 exit status
make[1]: *** [CMakeFiles/cmTC_11f44.dir/build.make:87: cmTC_11f44] Error 1
make[1]: Leaving directory '/home/fire/Git/DPDrawing/CMakeFiles/CMakeTmp'
make: *** [Makefile:121: cmTC_11f44/fast] Error 2



